<?xml version="1.0" encoding="UTF-8"?>
<testng-results ignored="0" total="1" passed="1" failed="0" skipped="0">
  <reporter-output>
  </reporter-output>
  <suite started-at="2022-03-03T21:29:47 IST" name="Default suite" finished-at="2022-03-03T21:29:57 IST" duration-ms="10193">
    <groups>
    </groups>
    <test started-at="2022-03-03T21:29:47 IST" name="Default test" finished-at="2022-03-03T21:29:57 IST" duration-ms="10193">
      <class name="jenkinsseleniumtestscripts.TC001">
        <test-method is-config="true" signature="setup()[pri:0, instance:jenkinsseleniumtestscripts.TC001@ffaa6af]" started-at="2022-03-03T21:29:47 IST" name="setup" finished-at="2022-03-03T21:29:52 IST" duration-ms="5369" status="PASS">
          <reporter-output>
          </reporter-output>
        </test-method> <!-- setup -->
        <test-method signature="senddata()[pri:0, instance:jenkinsseleniumtestscripts.TC001@ffaa6af]" started-at="2022-03-03T21:29:52 IST" name="senddata" finished-at="2022-03-03T21:29:57 IST" duration-ms="4747" status="PASS">
          <reporter-output>
          </reporter-output>
        </test-method> <!-- senddata -->
        <test-method is-config="true" signature="teardown()[pri:0, instance:jenkinsseleniumtestscripts.TC001@ffaa6af]" started-at="2022-03-03T21:29:57 IST" name="teardown" finished-at="2022-03-03T21:29:57 IST" duration-ms="52" status="PASS">
          <reporter-output>
          </reporter-output>
        </test-method> <!-- teardown -->
      </class> <!-- jenkinsseleniumtestscripts.TC001 -->
    </test> <!-- Default test -->
  </suite> <!-- Default suite -->
</testng-results>
